
Les modules suivants ont été rechargés avec un changement de version :
  1) FFTW/3.3.8-gompi-2019b => FFTW/3.3.8-gompic-2019b
  2) OpenMPI/3.1.4-GCC-8.3.0 => OpenMPI/3.1.4-gcccuda-2019b
  3) ScaLAPACK/2.0.2-gompi-2019b => ScaLAPACK/2.0.2-gompic-2019b

Claroline-dis_10.py
Claroline-dis_50.py
DS1-10unit.py
DS1-30unit.py
DS1-5unit.py
DS2-10unit.py
DS2-30unit.py
DS2-5unit.py
job-array-BPIC.py
job-array-claroline-10-dis.py
job-array-claroline-10-rand.py
job-array-claroline-50-dis.py
job-array-claroline-50-rand.py
preprocessing.py
__pycache__
training_GRU.py
training_LSTM.py
training_Model.py
training_RNN.py
vary_minion_losses.py
